Using pre-set license
Built from '2021.1/staging' branch; Version is '2021.1.25f1 (b6f2b893ea32) revision 11989688'; Using compiler version '192528614'; Build Type 'Release'
OS: 'Windows 10 Pro; OS build 22000.434; Version 2009; 64bit' Language: 'tr' Physical Memory: 3877 MB
BatchMode: 1, IsHumanControllingUs: 0, StartBugReporterOnCrash: 0, Is64bit: 1, IsPro: 0

COMMAND LINE ARGUMENTS:
D:\Unity\Hub\Editor\2021.1.25f1\Editor\Unity.exe
-adb2
-batchMode
-noUpm
-name
AssetImportWorker5
-projectPath
C:/Users/Hp/Desktop/Mustafaherr/Unity/unityegitim
-logFile
Logs/AssetImportWorker5.log
-srvPort
58762
Successfully changed project path to: C:/Users/Hp/Desktop/Mustafaherr/Unity/unityegitim
C:/Users/Hp/Desktop/Mustafaherr/Unity/unityegitim
Using Asset Import Pipeline V2.
Refreshing native plugins compatible for Editor in 749.66 ms, found 4 plugins.
Preloading 0 native plugins for Editor in 0.00 ms.
Initialize engine version: 2021.1.25f1 (b6f2b893ea32)
[Subsystems] Discovering subsystems at path D:/Unity/Hub/Editor/2021.1.25f1/Editor/Data/Resources/UnitySubsystems
[Subsystems] Discovering subsystems at path C:/Users/Hp/Desktop/Mustafaherr/Unity/unityegitim/Assets
GfxDevice: creating device client; threaded=0; jobified=0
Direct3D:
    Version:  Direct3D 11.0 [level 11.1]
    Renderer: Intel(R) UHD Graphics (ID=0x8a56)
    Vendor:   Intel
    VRAM:     1938 MB
    Driver:   27.20.100.8935
Initialize mono
Mono path[0] = 'D:/Unity/Hub/Editor/2021.1.25f1/Editor/Data/Managed'
Mono path[1] = 'D:/Unity/Hub/Editor/2021.1.25f1/Editor/Data/MonoBleedingEdge/lib/mono/unityjit'
Mono config path = 'D:/Unity/Hub/Editor/2021.1.25f1/Editor/Data/MonoBleedingEdge/etc'
Using monoOptions --debugger-agent=transport=dt_socket,embedding=1,server=y,suspend=n,address=127.0.0.1:56836
Begin MonoManager ReloadAssembly
Registering precompiled unity dll's ...
Register platform support module: D:/Unity/Hub/Editor/2021.1.25f1/Editor/Data/PlaybackEngines/MacStandaloneSupport/UnityEditor.OSXStandalone.Extensions.dll
Register platform support module: D:/Unity/Hub/Editor/2021.1.25f1/Editor/Data/PlaybackEngines/WindowsStandaloneSupport/UnityEditor.WindowsStandalone.Extensions.dll
Registered in 0.012569 seconds.
Native extension for WindowsStandalone target not found
Native extension for OSXStandalone target not found
Refreshing native plugins compatible for Editor in 763.10 ms, found 4 plugins.
Preloading 0 native plugins for Editor in 0.00 ms.
Mono: successfully reloaded assembly
- Completed reload, in  9.802 seconds
Domain Reload Profiling:
	ReloadAssembly (9802ms)
		BeginReloadAssembly (233ms)
			ExecutionOrderSort (0ms)
			DisableScriptedObjects (0ms)
			BackupInstance (0ms)
			ReleaseScriptingObjects (0ms)
			CreateAndSetChildDomain (1ms)
		EndReloadAssembly (2367ms)
			LoadAssemblies (235ms)
			RebuildTransferFunctionScriptingTraits (0ms)
			SetupTypeCache (515ms)
			ReleaseScriptCaches (0ms)
			RebuildScriptCaches (85ms)
			SetupLoadedEditorAssemblies (1528ms)
				LogAssemblyErrors (0ms)
				InitializePlatformSupportModulesInManaged (81ms)
				SetLoadedEditorAssemblies (3ms)
				RefreshPlugins (763ms)
				BeforeProcessingInitializeOnLoad (13ms)
				ProcessInitializeOnLoadAttributes (558ms)
				ProcessInitializeOnLoadMethodAttributes (100ms)
				AfterProcessingInitializeOnLoad (0ms)
				EditorAssembliesLoaded (9ms)
			ExecutionOrderSort2 (0ms)
			AwakeInstancesAfterBackupRestoration (0ms)
Platform modules already initialized, skipping
Registering precompiled user dll's ...
Registered in 0.030871 seconds.
Begin MonoManager ReloadAssembly
Symbol file LoadedFromMemory doesn't match image C:\Users\Hp\Desktop\Mustafaherr\Unity\unityegitim\Library\PackageCache\com.unity.visualscripting@1.6.1\Editor\VisualScripting.Core\Dependencies\YamlDotNet\Unity.VisualScripting.YamlDotNet.dll
Symbol file LoadedFromMemory doesn't match image C:\Users\Hp\Desktop\Mustafaherr\Unity\unityegitim\Library\PackageCache\com.unity.visualscripting@1.6.1\Editor\VisualScripting.Core\Dependencies\DotNetZip\Unity.VisualScripting.IonicZip.dll
Native extension for WindowsStandalone target not found
Native extension for OSXStandalone target not found
Refreshing native plugins compatible for Editor in 251.22 ms, found 4 plugins.
Preloading 0 native plugins for Editor in 0.00 ms.
Mono: successfully reloaded assembly
- Completed reload, in  9.602 seconds
Domain Reload Profiling:
	ReloadAssembly (9604ms)
		BeginReloadAssembly (3069ms)
			ExecutionOrderSort (0ms)
			DisableScriptedObjects (977ms)
			BackupInstance (0ms)
			ReleaseScriptingObjects (1ms)
			CreateAndSetChildDomain (115ms)
		EndReloadAssembly (6089ms)
			LoadAssemblies (992ms)
			RebuildTransferFunctionScriptingTraits (0ms)
			SetupTypeCache (1017ms)
			ReleaseScriptCaches (2ms)
			RebuildScriptCaches (149ms)
			SetupLoadedEditorAssemblies (4047ms)
				LogAssemblyErrors (0ms)
				InitializePlatformSupportModulesInManaged (34ms)
				SetLoadedEditorAssemblies (1ms)
				RefreshPlugins (252ms)
				BeforeProcessingInitializeOnLoad (237ms)
				ProcessInitializeOnLoadAttributes (3456ms)
				ProcessInitializeOnLoadMethodAttributes (63ms)
				AfterProcessingInitializeOnLoad (4ms)
				EditorAssembliesLoaded (0ms)
			ExecutionOrderSort2 (0ms)
			AwakeInstancesAfterBackupRestoration (18ms)
Platform modules already initialized, skipping
========================================================================
Worker process is ready to serve import requests
Launched and connected shader compiler UnityShaderCompiler.exe after 0.31 seconds
Refreshing native plugins compatible for Editor in 0.82 ms, found 4 plugins.
Preloading 0 native plugins for Editor in 0.00 ms.
Unloading 3678 Unused Serialized files (Serialized files now loaded: 0)
System memory in use before: 136.5 MB.
System memory in use after: 136.7 MB.

Unloading 30 unused Assets to reduce memory usage. Loaded Objects now: 4129.
Total: 17.265100 ms (FindLiveObjects: 0.612300 ms CreateObjectMapping: 0.325200 ms MarkObjects: 15.936700 ms  DeleteObjects: 0.387000 ms)

AssetImportParameters requested are different than current active one (requested -> active):
  custom:framework-win-MediaFoundation: 216162199b28c13a410421893ffa2e32 -> 
  custom:video-decoder-ogg-theora: a1e56fd34408186e4bbccfd4996cb3dc -> 
  custom:container-muxer-webm: aa71ff27fc2769a1b78a27578f13a17b -> 
  custom:container-demuxer-webm: 4f35f7cbe854078d1ac9338744f61a02 -> 
  custom:container-demuxer-ogg: 62fdf1f143b41e24485cea50d1cbac27 -> 
  custom:video-encoder-webm-vp8: eb34c28f22e8b96e1ab97ce403110664 -> 
  custom:video-decoder-webm-vp8: 9c59270c3fd7afecdb556c50c9e8de78 -> 
  custom:audio-decoder-ogg-vorbis: bf7c407c2cedff20999df2af8eb42d56 -> 
  custom:audio-encoder-webm-vorbis: bf7c407c2cedff20999df2af8eb42d56 -> 
========================================================================
Received Import Request.
  path: Assets/uı
  artifactKey: Guid(d401090aff01ac645b04c5145e907868) Importer(815301076,1909f56bfc062723c751e8b465ee728b)
Start importing Assets/uı using Guid(d401090aff01ac645b04c5145e907868) Importer(815301076,1909f56bfc062723c751e8b465ee728b)  -> (artifact id: '8f723232e28869486e437178824ec741') in 0.047909 seconds 
========================================================================
Received Import Request.
  Time since last request: 1.845728 seconds.
  path: Assets/font
  artifactKey: Guid(b8b687785aa2288459cd9d010f229ce3) Importer(815301076,1909f56bfc062723c751e8b465ee728b)
Start importing Assets/font using Guid(b8b687785aa2288459cd9d010f229ce3) Importer(815301076,1909f56bfc062723c751e8b465ee728b)  -> (artifact id: 'ca805fb44ffb0ef4d35588a83f6ba53e') in 0.078862 seconds 
========================================================================
Received Import Request.
  Time since last request: 49.659529 seconds.
  path: Assets/troika.otf
  artifactKey: Guid(333341c8e9698214c866f7a2384fc6ad) Importer(815301076,1909f56bfc062723c751e8b465ee728b)
Start importing Assets/troika.otf using Guid(333341c8e9698214c866f7a2384fc6ad) Importer(815301076,1909f56bfc062723c751e8b465ee728b)  -> (artifact id: 'dee1b32b783221ad737e6b8c198bb76b') in 0.564937 seconds 
========================================================================
Received Import Request.
  Time since last request: 97.938358 seconds.
  path: Assets/font/Text StyleSheet.asset
  artifactKey: Guid(ff339f18ffbb011439b80254e23ec375) Importer(815301076,1909f56bfc062723c751e8b465ee728b)
Start importing Assets/font/Text StyleSheet.asset using Guid(ff339f18ffbb011439b80254e23ec375) Importer(815301076,1909f56bfc062723c751e8b465ee728b)  -> (artifact id: 'ca7d8fb790b1d86acc32f950bc4f4cae') in 0.134761 seconds 
========================================================================
Received Import Request.
  Time since last request: 7.019659 seconds.
  path: Assets/font/New TMP Color Gradient.asset
  artifactKey: Guid(316b6af015b56694983a6b47e13a255c) Importer(815301076,1909f56bfc062723c751e8b465ee728b)
Start importing Assets/font/New TMP Color Gradient.asset using Guid(316b6af015b56694983a6b47e13a255c) Importer(815301076,1909f56bfc062723c751e8b465ee728b)  -> (artifact id: '73bd1613a053b685c71c119d599c7769') in 0.707418 seconds 
========================================================================
Received Import Request.
  Time since last request: 98.785330 seconds.
  path: Assets/font/troika SDF.asset
  artifactKey: Guid(6019b6c257555bd4392f7fd3fe2f54c2) Importer(815301076,1909f56bfc062723c751e8b465ee728b)
Start importing Assets/font/troika SDF.asset using Guid(6019b6c257555bd4392f7fd3fe2f54c2) Importer(815301076,1909f56bfc062723c751e8b465ee728b) Shader 'TextMeshPro/Distance Field': fallback shader 'TextMeshPro/Mobile/Distance Field' not found
 -> (artifact id: 'f3b65ea33fa0c0a0d76fc1d817547187') in 1.514676 seconds 
========================================================================
Received Import Request.
  Time since last request: 247.099671 seconds.
  path: Assets/SCRİPTS
  artifactKey: Guid(3bdd725acb34b8a45aeb4c1c61194507) Importer(815301076,1909f56bfc062723c751e8b465ee728b)
Start importing Assets/SCRİPTS using Guid(3bdd725acb34b8a45aeb4c1c61194507) Importer(815301076,1909f56bfc062723c751e8b465ee728b)  -> (artifact id: '00dee405ddbcba39edbb36fdfb30506e') in 0.033367 seconds 
========================================================================
Received Import Request.
  Time since last request: 20.578688 seconds.
  path: Assets/scripts
  artifactKey: Guid(8f16044f90a3179449e9af0bdfe6c834) Importer(815301076,1909f56bfc062723c751e8b465ee728b)
Start importing Assets/scripts using Guid(8f16044f90a3179449e9af0bdfe6c834) Importer(815301076,1909f56bfc062723c751e8b465ee728b)  -> (artifact id: '11eb4866b0ffe1e2dbda67b62e0ac622') in 0.066170 seconds 
========================================================================
Received Import Request.
  Time since last request: 14.693769 seconds.
  path: Assets/scripts/ınputfıeld.cs
  artifactKey: Guid(58839434119b7f74e8ee8c11017908cd) Importer(815301076,1909f56bfc062723c751e8b465ee728b)
Start importing Assets/scripts/ınputfıeld.cs using Guid(58839434119b7f74e8ee8c11017908cd) Importer(815301076,1909f56bfc062723c751e8b465ee728b)  -> (artifact id: '114a6e939b5ab4c8bc7aa4bcebbcab4e') in 0.139343 seconds 
========================================================================
Received Prepare
Registering precompiled user dll's ...
Registered in 0.033700 seconds.
Begin MonoManager ReloadAssembly
Symbol file LoadedFromMemory doesn't match image C:\Users\Hp\Desktop\Mustafaherr\Unity\unityegitim\Library\PackageCache\com.unity.visualscripting@1.6.1\Editor\VisualScripting.Core\Dependencies\YamlDotNet\Unity.VisualScripting.YamlDotNet.dll
Symbol file LoadedFromMemory doesn't match image C:\Users\Hp\Desktop\Mustafaherr\Unity\unityegitim\Library\PackageCache\com.unity.visualscripting@1.6.1\Editor\VisualScripting.Core\Dependencies\DotNetZip\Unity.VisualScripting.IonicZip.dll
Native extension for WindowsStandalone target not found
Native extension for OSXStandalone target not found
Refreshing native plugins compatible for Editor in 1.40 ms, found 4 plugins.
Preloading 0 native plugins for Editor in 0.00 ms.
Mono: successfully reloaded assembly
- Completed reload, in 10.433 seconds
Domain Reload Profiling:
	ReloadAssembly (10436ms)
		BeginReloadAssembly (5593ms)
			ExecutionOrderSort (0ms)
			DisableScriptedObjects (157ms)
			BackupInstance (0ms)
			ReleaseScriptingObjects (8ms)
			CreateAndSetChildDomain (4749ms)
		EndReloadAssembly (4599ms)
			LoadAssemblies (560ms)
			RebuildTransferFunctionScriptingTraits (1ms)
			SetupTypeCache (896ms)
			ReleaseScriptCaches (4ms)
			RebuildScriptCaches (522ms)
			SetupLoadedEditorAssemblies (1858ms)
				LogAssemblyErrors (0ms)
				InitializePlatformSupportModulesInManaged (29ms)
				SetLoadedEditorAssemblies (1ms)
				RefreshPlugins (2ms)
				BeforeProcessingInitializeOnLoad (221ms)
				ProcessInitializeOnLoadAttributes (1560ms)
				ProcessInitializeOnLoadMethodAttributes (38ms)
				AfterProcessingInitializeOnLoad (7ms)
				EditorAssembliesLoaded (1ms)
			ExecutionOrderSort2 (0ms)
			AwakeInstancesAfterBackupRestoration (367ms)
Platform modules already initialized, skipping
Refreshing native plugins compatible for Editor in 1.01 ms, found 4 plugins.
Preloading 0 native plugins for Editor in 0.00 ms.
Unloading 3683 Unused Serialized files (Serialized files now loaded: 0)
System memory in use before: 143.7 MB.
System memory in use after: 143.4 MB.

Unloading 29 unused Assets to reduce memory usage. Loaded Objects now: 4208.
Total: 128.368300 ms (FindLiveObjects: 10.393700 ms CreateObjectMapping: 5.962400 ms MarkObjects: 111.175300 ms  DeleteObjects: 0.833000 ms)

AssetImportParameters requested are different than current active one (requested -> active):
  custom:framework-win-MediaFoundation: 216162199b28c13a410421893ffa2e32 -> 
  custom:video-decoder-ogg-theora: a1e56fd34408186e4bbccfd4996cb3dc -> 
  custom:container-muxer-webm: aa71ff27fc2769a1b78a27578f13a17b -> 
  custom:container-demuxer-webm: 4f35f7cbe854078d1ac9338744f61a02 -> 
  custom:container-demuxer-ogg: 62fdf1f143b41e24485cea50d1cbac27 -> 
  custom:video-encoder-webm-vp8: eb34c28f22e8b96e1ab97ce403110664 -> 
  custom:video-decoder-webm-vp8: 9c59270c3fd7afecdb556c50c9e8de78 -> 
  custom:audio-decoder-ogg-vorbis: bf7c407c2cedff20999df2af8eb42d56 -> 
  custom:audio-encoder-webm-vorbis: bf7c407c2cedff20999df2af8eb42d56 -> 
========================================================================
Received Prepare
Registering precompiled user dll's ...
Registered in 0.041090 seconds.
Begin MonoManager ReloadAssembly
Symbol file LoadedFromMemory doesn't match image C:\Users\Hp\Desktop\Mustafaherr\Unity\unityegitim\Library\PackageCache\com.unity.visualscripting@1.6.1\Editor\VisualScripting.Core\Dependencies\YamlDotNet\Unity.VisualScripting.YamlDotNet.dll
Symbol file LoadedFromMemory doesn't match image C:\Users\Hp\Desktop\Mustafaherr\Unity\unityegitim\Library\PackageCache\com.unity.visualscripting@1.6.1\Editor\VisualScripting.Core\Dependencies\DotNetZip\Unity.VisualScripting.IonicZip.dll
Native extension for WindowsStandalone target not found
Native extension for OSXStandalone target not found
Refreshing native plugins compatible for Editor in 1.11 ms, found 4 plugins.
Preloading 0 native plugins for Editor in 0.00 ms.
Mono: successfully reloaded assembly
- Completed reload, in  2.903 seconds
Domain Reload Profiling:
	ReloadAssembly (2903ms)
		BeginReloadAssembly (312ms)
			ExecutionOrderSort (0ms)
			DisableScriptedObjects (31ms)
			BackupInstance (0ms)
			ReleaseScriptingObjects (0ms)
			CreateAndSetChildDomain (91ms)
		EndReloadAssembly (2502ms)
			LoadAssemblies (761ms)
			RebuildTransferFunctionScriptingTraits (0ms)
			SetupTypeCache (816ms)
			ReleaseScriptCaches (4ms)
			RebuildScriptCaches (93ms)
			SetupLoadedEditorAssemblies (710ms)
				LogAssemblyErrors (0ms)
				InitializePlatformSupportModulesInManaged (10ms)
				SetLoadedEditorAssemblies (1ms)
				RefreshPlugins (1ms)
				BeforeProcessingInitializeOnLoad (117ms)
				ProcessInitializeOnLoadAttributes (505ms)
				ProcessInitializeOnLoadMethodAttributes (70ms)
				AfterProcessingInitializeOnLoad (2ms)
				EditorAssembliesLoaded (3ms)
			ExecutionOrderSort2 (0ms)
			AwakeInstancesAfterBackupRestoration (36ms)
Platform modules already initialized, skipping
Refreshing native plugins compatible for Editor in 1.56 ms, found 4 plugins.
Preloading 0 native plugins for Editor in 0.00 ms.
Unloading 3679 Unused Serialized files (Serialized files now loaded: 0)
System memory in use before: 143.5 MB.
System memory in use after: 143.2 MB.

Unloading 29 unused Assets to reduce memory usage. Loaded Objects now: 4211.
Total: 10.273400 ms (FindLiveObjects: 0.502200 ms CreateObjectMapping: 0.244400 ms MarkObjects: 9.132100 ms  DeleteObjects: 0.392000 ms)

AssetImportParameters requested are different than current active one (requested -> active):
  custom:framework-win-MediaFoundation: 216162199b28c13a410421893ffa2e32 -> 
  custom:video-decoder-ogg-theora: a1e56fd34408186e4bbccfd4996cb3dc -> 
  custom:container-muxer-webm: aa71ff27fc2769a1b78a27578f13a17b -> 
  custom:container-demuxer-webm: 4f35f7cbe854078d1ac9338744f61a02 -> 
  custom:container-demuxer-ogg: 62fdf1f143b41e24485cea50d1cbac27 -> 
  custom:video-encoder-webm-vp8: eb34c28f22e8b96e1ab97ce403110664 -> 
  custom:video-decoder-webm-vp8: 9c59270c3fd7afecdb556c50c9e8de78 -> 
  custom:audio-decoder-ogg-vorbis: bf7c407c2cedff20999df2af8eb42d56 -> 
  custom:audio-encoder-webm-vorbis: bf7c407c2cedff20999df2af8eb42d56 -> 
========================================================================
Received Import Request.
  Time since last request: 81.817829 seconds.
  path: Assets/scripts/inputfield.cs
  artifactKey: Guid(2d45954697c568a4393ceab197856398) Importer(815301076,1909f56bfc062723c751e8b465ee728b)
Start importing Assets/scripts/inputfield.cs using Guid(2d45954697c568a4393ceab197856398) Importer(815301076,1909f56bfc062723c751e8b465ee728b)  -> (artifact id: 'f389bf21440750b536b6274d632256e2') in 0.086666 seconds 
========================================================================
Received Prepare
Registering precompiled user dll's ...
Registered in 0.028742 seconds.
Begin MonoManager ReloadAssembly
Symbol file LoadedFromMemory doesn't match image C:\Users\Hp\Desktop\Mustafaherr\Unity\unityegitim\Library\PackageCache\com.unity.visualscripting@1.6.1\Editor\VisualScripting.Core\Dependencies\YamlDotNet\Unity.VisualScripting.YamlDotNet.dll
Symbol file LoadedFromMemory doesn't match image C:\Users\Hp\Desktop\Mustafaherr\Unity\unityegitim\Library\PackageCache\com.unity.visualscripting@1.6.1\Editor\VisualScripting.Core\Dependencies\DotNetZip\Unity.VisualScripting.IonicZip.dll
Native extension for WindowsStandalone target not found
Native extension for OSXStandalone target not found
Refreshing native plugins compatible for Editor in 256.77 ms, found 4 plugins.
Preloading 0 native plugins for Editor in 0.00 ms.
Mono: successfully reloaded assembly
- Completed reload, in 83.861 seconds
Domain Reload Profiling:
	ReloadAssembly (84238ms)
		BeginReloadAssembly (10979ms)
			ExecutionOrderSort (0ms)
			DisableScriptedObjects (1456ms)
			BackupInstance (0ms)
			ReleaseScriptingObjects (1ms)
			CreateAndSetChildDomain (4198ms)
		EndReloadAssembly (72240ms)
			LoadAssemblies (3082ms)
			RebuildTransferFunctionScriptingTraits (4ms)
			SetupTypeCache (62571ms)
			ReleaseScriptCaches (824ms)
			RebuildScriptCaches (730ms)
			SetupLoadedEditorAssemblies (5158ms)
				LogAssemblyErrors (0ms)
				InitializePlatformSupportModulesInManaged (73ms)
				SetLoadedEditorAssemblies (9ms)
				RefreshPlugins (258ms)
				BeforeProcessingInitializeOnLoad (426ms)
				ProcessInitializeOnLoadAttributes (4283ms)
				ProcessInitializeOnLoadMethodAttributes (95ms)
				AfterProcessingInitializeOnLoad (8ms)
				EditorAssembliesLoaded (6ms)
			ExecutionOrderSort2 (0ms)
			AwakeInstancesAfterBackupRestoration (117ms)
Platform modules already initialized, skipping
Refreshing native plugins compatible for Editor in 1.18 ms, found 4 plugins.
Preloading 0 native plugins for Editor in 0.00 ms.
Unloading 3680 Unused Serialized files (Serialized files now loaded: 0)
System memory in use before: 143.6 MB.
System memory in use after: 143.3 MB.

Unloading 29 unused Assets to reduce memory usage. Loaded Objects now: 4215.
Total: 92.048900 ms (FindLiveObjects: 5.914000 ms CreateObjectMapping: 7.031300 ms MarkObjects: 59.107000 ms  DeleteObjects: 19.404500 ms)

AssetImportParameters requested are different than current active one (requested -> active):
  custom:framework-win-MediaFoundation: 216162199b28c13a410421893ffa2e32 -> 
  custom:video-decoder-ogg-theora: a1e56fd34408186e4bbccfd4996cb3dc -> 
  custom:container-muxer-webm: aa71ff27fc2769a1b78a27578f13a17b -> 
  custom:container-demuxer-webm: 4f35f7cbe854078d1ac9338744f61a02 -> 
  custom:container-demuxer-ogg: 62fdf1f143b41e24485cea50d1cbac27 -> 
  custom:video-encoder-webm-vp8: eb34c28f22e8b96e1ab97ce403110664 -> 
  custom:video-decoder-webm-vp8: 9c59270c3fd7afecdb556c50c9e8de78 -> 
  custom:audio-decoder-ogg-vorbis: bf7c407c2cedff20999df2af8eb42d56 -> 
  custom:audio-encoder-webm-vorbis: bf7c407c2cedff20999df2af8eb42d56 -> 
========================================================================
Received Import Request.
  Time since last request: 283.026481 seconds.
  path: Assets/scripts/inputfield.cs
  artifactKey: Guid(2d45954697c568a4393ceab197856398) Importer(815301076,1909f56bfc062723c751e8b465ee728b)
Start importing Assets/scripts/inputfield.cs using Guid(2d45954697c568a4393ceab197856398) Importer(815301076,1909f56bfc062723c751e8b465ee728b)  -> (artifact id: 'a9053222e16bfddfee87392ef833f191') in 0.100614 seconds 
========================================================================
Received Import Request.
  Time since last request: 127.015337 seconds.
  path: Assets/scripts/inputfield.cs
  artifactKey: Guid(2d45954697c568a4393ceab197856398) Importer(815301076,1909f56bfc062723c751e8b465ee728b)
Start importing Assets/scripts/inputfield.cs using Guid(2d45954697c568a4393ceab197856398) Importer(815301076,1909f56bfc062723c751e8b465ee728b)  -> (artifact id: '2b2476ca489c4cb0bfe6c12514841f59') in 0.217756 seconds 
========================================================================
Received Prepare
Registering precompiled user dll's ...
Registered in 0.028494 seconds.
Begin MonoManager ReloadAssembly
Symbol file LoadedFromMemory doesn't match image C:\Users\Hp\Desktop\Mustafaherr\Unity\unityegitim\Library\PackageCache\com.unity.visualscripting@1.6.1\Editor\VisualScripting.Core\Dependencies\YamlDotNet\Unity.VisualScripting.YamlDotNet.dll
Symbol file LoadedFromMemory doesn't match image C:\Users\Hp\Desktop\Mustafaherr\Unity\unityegitim\Library\PackageCache\com.unity.visualscripting@1.6.1\Editor\VisualScripting.Core\Dependencies\DotNetZip\Unity.VisualScripting.IonicZip.dll
Native extension for WindowsStandalone target not found
Native extension for OSXStandalone target not found
Refreshing native plugins compatible for Editor in 16.98 ms, found 4 plugins.
Preloading 0 native plugins for Editor in 0.00 ms.
Mono: successfully reloaded assembly
- Completed reload, in  8.496 seconds
Domain Reload Profiling:
	ReloadAssembly (8536ms)
		BeginReloadAssembly (2447ms)
			ExecutionOrderSort (0ms)
			DisableScriptedObjects (331ms)
			BackupInstance (0ms)
			ReleaseScriptingObjects (0ms)
			CreateAndSetChildDomain (1652ms)
		EndReloadAssembly (5912ms)
			LoadAssemblies (751ms)
			RebuildTransferFunctionScriptingTraits (1ms)
			SetupTypeCache (1249ms)
			ReleaseScriptCaches (33ms)
			RebuildScriptCaches (239ms)
			SetupLoadedEditorAssemblies (2589ms)
				LogAssemblyErrors (0ms)
				InitializePlatformSupportModulesInManaged (48ms)
				SetLoadedEditorAssemblies (2ms)
				RefreshPlugins (17ms)
				BeforeProcessingInitializeOnLoad (305ms)
				ProcessInitializeOnLoadAttributes (2184ms)
				ProcessInitializeOnLoadMethodAttributes (28ms)
				AfterProcessingInitializeOnLoad (2ms)
				EditorAssembliesLoaded (2ms)
			ExecutionOrderSort2 (0ms)
			AwakeInstancesAfterBackupRestoration (75ms)
Platform modules already initialized, skipping
Refreshing native plugins compatible for Editor in 0.91 ms, found 4 plugins.
Preloading 0 native plugins for Editor in 0.00 ms.
Unloading 3680 Unused Serialized files (Serialized files now loaded: 0)
System memory in use before: 143.6 MB.
System memory in use after: 143.3 MB.

Unloading 29 unused Assets to reduce memory usage. Loaded Objects now: 4218.
Total: 18.597600 ms (FindLiveObjects: 0.838200 ms CreateObjectMapping: 0.294400 ms MarkObjects: 16.527700 ms  DeleteObjects: 0.927100 ms)

AssetImportParameters requested are different than current active one (requested -> active):
  custom:framework-win-MediaFoundation: 216162199b28c13a410421893ffa2e32 -> 
  custom:video-decoder-ogg-theora: a1e56fd34408186e4bbccfd4996cb3dc -> 
  custom:container-muxer-webm: aa71ff27fc2769a1b78a27578f13a17b -> 
  custom:container-demuxer-webm: 4f35f7cbe854078d1ac9338744f61a02 -> 
  custom:container-demuxer-ogg: 62fdf1f143b41e24485cea50d1cbac27 -> 
  custom:video-encoder-webm-vp8: eb34c28f22e8b96e1ab97ce403110664 -> 
  custom:video-decoder-webm-vp8: 9c59270c3fd7afecdb556c50c9e8de78 -> 
  custom:audio-decoder-ogg-vorbis: bf7c407c2cedff20999df2af8eb42d56 -> 
  custom:audio-encoder-webm-vorbis: bf7c407c2cedff20999df2af8eb42d56 -> 
========================================================================
Received Prepare
Registering precompiled user dll's ...
Registered in 0.118009 seconds.
Begin MonoManager ReloadAssembly
Symbol file LoadedFromMemory doesn't match image C:\Users\Hp\Desktop\Mustafaherr\Unity\unityegitim\Library\PackageCache\com.unity.visualscripting@1.6.1\Editor\VisualScripting.Core\Dependencies\YamlDotNet\Unity.VisualScripting.YamlDotNet.dll
Symbol file LoadedFromMemory doesn't match image C:\Users\Hp\Desktop\Mustafaherr\Unity\unityegitim\Library\PackageCache\com.unity.visualscripting@1.6.1\Editor\VisualScripting.Core\Dependencies\DotNetZip\Unity.VisualScripting.IonicZip.dll
Native extension for WindowsStandalone target not found
Native extension for OSXStandalone target not found
Refreshing native plugins compatible for Editor in 62.69 ms, found 4 plugins.
Preloading 0 native plugins for Editor in 0.00 ms.
Mono: successfully reloaded assembly
- Completed reload, in 44.845 seconds
Domain Reload Profiling:
	ReloadAssembly (44923ms)
		BeginReloadAssembly (9132ms)
			ExecutionOrderSort (1ms)
			DisableScriptedObjects (692ms)
			BackupInstance (0ms)
			ReleaseScriptingObjects (2ms)
			CreateAndSetChildDomain (7618ms)
		EndReloadAssembly (35443ms)
			LoadAssemblies (1126ms)
			RebuildTransferFunctionScriptingTraits (24ms)
			SetupTypeCache (7613ms)
			ReleaseScriptCaches (4108ms)
			RebuildScriptCaches (713ms)
			SetupLoadedEditorAssemblies (14650ms)
				LogAssemblyErrors (0ms)
				InitializePlatformSupportModulesInManaged (34ms)
				SetLoadedEditorAssemblies (2ms)
				RefreshPlugins (63ms)
				BeforeProcessingInitializeOnLoad (680ms)
				ProcessInitializeOnLoadAttributes (11666ms)
				ProcessInitializeOnLoadMethodAttributes (1313ms)
				AfterProcessingInitializeOnLoad (873ms)
				EditorAssembliesLoaded (16ms)
			ExecutionOrderSort2 (134ms)
			AwakeInstancesAfterBackupRestoration (4518ms)
Platform modules already initialized, skipping
Refreshing native plugins compatible for Editor in 64.31 ms, found 4 plugins.
Preloading 0 native plugins for Editor in 0.00 ms.
Unloading 3680 Unused Serialized files (Serialized files now loaded: 0)
System memory in use before: 143.6 MB.
System memory in use after: 143.3 MB.

Unloading 29 unused Assets to reduce memory usage. Loaded Objects now: 4221.
Total: 415.739100 ms (FindLiveObjects: 22.049900 ms CreateObjectMapping: 5.459500 ms MarkObjects: 385.866500 ms  DeleteObjects: 1.831500 ms)

AssetImportParameters requested are different than current active one (requested -> active):
  custom:framework-win-MediaFoundation: 216162199b28c13a410421893ffa2e32 -> 
  custom:video-decoder-ogg-theora: a1e56fd34408186e4bbccfd4996cb3dc -> 
  custom:container-muxer-webm: aa71ff27fc2769a1b78a27578f13a17b -> 
  custom:container-demuxer-webm: 4f35f7cbe854078d1ac9338744f61a02 -> 
  custom:container-demuxer-ogg: 62fdf1f143b41e24485cea50d1cbac27 -> 
  custom:video-encoder-webm-vp8: eb34c28f22e8b96e1ab97ce403110664 -> 
  custom:video-decoder-webm-vp8: 9c59270c3fd7afecdb556c50c9e8de78 -> 
  custom:audio-decoder-ogg-vorbis: bf7c407c2cedff20999df2af8eb42d56 -> 
  custom:audio-encoder-webm-vorbis: bf7c407c2cedff20999df2af8eb42d56 -> 
========================================================================
Received Prepare
Registering precompiled user dll's ...
Registered in 0.065169 seconds.
Begin MonoManager ReloadAssembly
Symbol file LoadedFromMemory doesn't match image C:\Users\Hp\Desktop\Mustafaherr\Unity\unityegitim\Library\PackageCache\com.unity.visualscripting@1.6.1\Editor\VisualScripting.Core\Dependencies\YamlDotNet\Unity.VisualScripting.YamlDotNet.dll
Symbol file LoadedFromMemory doesn't match image C:\Users\Hp\Desktop\Mustafaherr\Unity\unityegitim\Library\PackageCache\com.unity.visualscripting@1.6.1\Editor\VisualScripting.Core\Dependencies\DotNetZip\Unity.VisualScripting.IonicZip.dll
Native extension for WindowsStandalone target not found
Native extension for OSXStandalone target not found
Refreshing native plugins compatible for Editor in 18.40 ms, found 4 plugins.
Preloading 0 native plugins for Editor in 0.00 ms.
Mono: successfully reloaded assembly
- Completed reload, in 10.640 seconds
Domain Reload Profiling:
	ReloadAssembly (10655ms)
		BeginReloadAssembly (6376ms)
			ExecutionOrderSort (0ms)
			DisableScriptedObjects (1055ms)
			BackupInstance (0ms)
			ReleaseScriptingObjects (2ms)
			CreateAndSetChildDomain (4123ms)
		EndReloadAssembly (4100ms)
			LoadAssemblies (998ms)
			RebuildTransferFunctionScriptingTraits (8ms)
			SetupTypeCache (1657ms)
			ReleaseScriptCaches (72ms)
			RebuildScriptCaches (218ms)
			SetupLoadedEditorAssemblies (1278ms)
				LogAssemblyErrors (0ms)
				InitializePlatformSupportModulesInManaged (32ms)
				SetLoadedEditorAssemblies (2ms)
				RefreshPlugins (19ms)
				BeforeProcessingInitializeOnLoad (214ms)
				ProcessInitializeOnLoadAttributes (969ms)
				ProcessInitializeOnLoadMethodAttributes (34ms)
				AfterProcessingInitializeOnLoad (8ms)
				EditorAssembliesLoaded (2ms)
			ExecutionOrderSort2 (0ms)
			AwakeInstancesAfterBackupRestoration (76ms)
Platform modules already initialized, skipping
Refreshing native plugins compatible for Editor in 1.47 ms, found 4 plugins.
Preloading 0 native plugins for Editor in 0.00 ms.
Unloading 3680 Unused Serialized files (Serialized files now loaded: 0)
System memory in use before: 143.7 MB.
System memory in use after: 143.4 MB.

Unloading 29 unused Assets to reduce memory usage. Loaded Objects now: 4224.
Total: 89.391200 ms (FindLiveObjects: 9.564700 ms CreateObjectMapping: 5.466500 ms MarkObjects: 70.709300 ms  DeleteObjects: 3.635200 ms)

AssetImportParameters requested are different than current active one (requested -> active):
  custom:framework-win-MediaFoundation: 216162199b28c13a410421893ffa2e32 -> 
  custom:video-decoder-ogg-theora: a1e56fd34408186e4bbccfd4996cb3dc -> 
  custom:container-muxer-webm: aa71ff27fc2769a1b78a27578f13a17b -> 
  custom:container-demuxer-webm: 4f35f7cbe854078d1ac9338744f61a02 -> 
  custom:container-demuxer-ogg: 62fdf1f143b41e24485cea50d1cbac27 -> 
  custom:video-encoder-webm-vp8: eb34c28f22e8b96e1ab97ce403110664 -> 
  custom:video-decoder-webm-vp8: 9c59270c3fd7afecdb556c50c9e8de78 -> 
  custom:audio-decoder-ogg-vorbis: bf7c407c2cedff20999df2af8eb42d56 -> 
  custom:audio-encoder-webm-vorbis: bf7c407c2cedff20999df2af8eb42d56 -> 
========================================================================
Received Prepare
Registering precompiled user dll's ...
Registered in 0.035708 seconds.
Begin MonoManager ReloadAssembly
Symbol file LoadedFromMemory doesn't match image C:\Users\Hp\Desktop\Mustafaherr\Unity\unityegitim\Library\PackageCache\com.unity.visualscripting@1.6.1\Editor\VisualScripting.Core\Dependencies\YamlDotNet\Unity.VisualScripting.YamlDotNet.dll
Symbol file LoadedFromMemory doesn't match image C:\Users\Hp\Desktop\Mustafaherr\Unity\unityegitim\Library\PackageCache\com.unity.visualscripting@1.6.1\Editor\VisualScripting.Core\Dependencies\DotNetZip\Unity.VisualScripting.IonicZip.dll
Native extension for WindowsStandalone target not found
Native extension for OSXStandalone target not found
Refreshing native plugins compatible for Editor in 76.28 ms, found 4 plugins.
Preloading 0 native plugins for Editor in 0.00 ms.
Mono: successfully reloaded assembly
- Completed reload, in 27.287 seconds
Domain Reload Profiling:
	ReloadAssembly (27364ms)
		BeginReloadAssembly (15543ms)
			ExecutionOrderSort (1ms)
			DisableScriptedObjects (3872ms)
			BackupInstance (0ms)
			ReleaseScriptingObjects (83ms)
			CreateAndSetChildDomain (9331ms)
		EndReloadAssembly (11133ms)
			LoadAssemblies (966ms)
			RebuildTransferFunctionScriptingTraits (10ms)
			SetupTypeCache (4829ms)
			ReleaseScriptCaches (1117ms)
			RebuildScriptCaches (812ms)
			SetupLoadedEditorAssemblies (3127ms)
				LogAssemblyErrors (0ms)
				InitializePlatformSupportModulesInManaged (71ms)
				SetLoadedEditorAssemblies (5ms)
				RefreshPlugins (79ms)
				BeforeProcessingInitializeOnLoad (358ms)
				ProcessInitializeOnLoadAttributes (2557ms)
				ProcessInitializeOnLoadMethodAttributes (50ms)
				AfterProcessingInitializeOnLoad (3ms)
				EditorAssembliesLoaded (2ms)
			ExecutionOrderSort2 (0ms)
			AwakeInstancesAfterBackupRestoration (131ms)
Platform modules already initialized, skipping
Refreshing native plugins compatible for Editor in 2.27 ms, found 4 plugins.
Preloading 0 native plugins for Editor in 0.00 ms.
Unloading 3681 Unused Serialized files (Serialized files now loaded: 0)
System memory in use before: 143.7 MB.
System memory in use after: 143.4 MB.

Unloading 29 unused Assets to reduce memory usage. Loaded Objects now: 4228.
Total: 1904.899900 ms (FindLiveObjects: 13.185000 ms CreateObjectMapping: 3.194600 ms MarkObjects: 1886.267900 ms  DeleteObjects: 2.241200 ms)

AssetImportParameters requested are different than current active one (requested -> active):
  custom:framework-win-MediaFoundation: 216162199b28c13a410421893ffa2e32 -> 
  custom:video-decoder-ogg-theora: a1e56fd34408186e4bbccfd4996cb3dc -> 
  custom:container-muxer-webm: aa71ff27fc2769a1b78a27578f13a17b -> 
  custom:container-demuxer-webm: 4f35f7cbe854078d1ac9338744f61a02 -> 
  custom:container-demuxer-ogg: 62fdf1f143b41e24485cea50d1cbac27 -> 
  custom:video-encoder-webm-vp8: eb34c28f22e8b96e1ab97ce403110664 -> 
  custom:video-decoder-webm-vp8: 9c59270c3fd7afecdb556c50c9e8de78 -> 
  custom:audio-decoder-ogg-vorbis: bf7c407c2cedff20999df2af8eb42d56 -> 
  custom:audio-encoder-webm-vorbis: bf7c407c2cedff20999df2af8eb42d56 -> 
========================================================================
Received Prepare
Registering precompiled user dll's ...
Registered in 0.319831 seconds.
Begin MonoManager ReloadAssembly
Symbol file LoadedFromMemory doesn't match image C:\Users\Hp\Desktop\Mustafaherr\Unity\unityegitim\Library\PackageCache\com.unity.visualscripting@1.6.1\Editor\VisualScripting.Core\Dependencies\YamlDotNet\Unity.VisualScripting.YamlDotNet.dll
Symbol file LoadedFromMemory doesn't match image C:\Users\Hp\Desktop\Mustafaherr\Unity\unityegitim\Library\PackageCache\com.unity.visualscripting@1.6.1\Editor\VisualScripting.Core\Dependencies\DotNetZip\Unity.VisualScripting.IonicZip.dll
Native extension for WindowsStandalone target not found
Native extension for OSXStandalone target not found
Refreshing native plugins compatible for Editor in 31.15 ms, found 4 plugins.
Preloading 0 native plugins for Editor in 0.00 ms.
Mono: successfully reloaded assembly
- Completed reload, in 15.106 seconds
Domain Reload Profiling:
	ReloadAssembly (15123ms)
		BeginReloadAssembly (5444ms)
			ExecutionOrderSort (0ms)
			DisableScriptedObjects (1110ms)
			BackupInstance (0ms)
			ReleaseScriptingObjects (3ms)
			CreateAndSetChildDomain (3486ms)
		EndReloadAssembly (9018ms)
			LoadAssemblies (766ms)
			RebuildTransferFunctionScriptingTraits (11ms)
			SetupTypeCache (1485ms)
			ReleaseScriptCaches (212ms)
			RebuildScriptCaches (211ms)
			SetupLoadedEditorAssemblies (5534ms)
				LogAssemblyErrors (0ms)
				InitializePlatformSupportModulesInManaged (39ms)
				SetLoadedEditorAssemblies (2ms)
				RefreshPlugins (33ms)
				BeforeProcessingInitializeOnLoad (2531ms)
				ProcessInitializeOnLoadAttributes (2854ms)
				ProcessInitializeOnLoadMethodAttributes (67ms)
				AfterProcessingInitializeOnLoad (7ms)
				EditorAssembliesLoaded (2ms)
			ExecutionOrderSort2 (0ms)
			AwakeInstancesAfterBackupRestoration (138ms)
Platform modules already initialized, skipping
Refreshing native plugins compatible for Editor in 6.84 ms, found 4 plugins.
Preloading 0 native plugins for Editor in 0.00 ms.
Unloading 3681 Unused Serialized files (Serialized files now loaded: 0)
System memory in use before: 143.7 MB.
System memory in use after: 143.4 MB.

Unloading 29 unused Assets to reduce memory usage. Loaded Objects now: 4231.
Total: 2996.403400 ms (FindLiveObjects: 207.739800 ms CreateObjectMapping: 37.035100 ms MarkObjects: 2750.103200 ms  DeleteObjects: 1.338400 ms)

AssetImportParameters requested are different than current active one (requested -> active):
  custom:framework-win-MediaFoundation: 216162199b28c13a410421893ffa2e32 -> 
  custom:video-decoder-ogg-theora: a1e56fd34408186e4bbccfd4996cb3dc -> 
  custom:container-muxer-webm: aa71ff27fc2769a1b78a27578f13a17b -> 
  custom:container-demuxer-webm: 4f35f7cbe854078d1ac9338744f61a02 -> 
  custom:container-demuxer-ogg: 62fdf1f143b41e24485cea50d1cbac27 -> 
  custom:video-encoder-webm-vp8: eb34c28f22e8b96e1ab97ce403110664 -> 
  custom:video-decoder-webm-vp8: 9c59270c3fd7afecdb556c50c9e8de78 -> 
  custom:audio-decoder-ogg-vorbis: bf7c407c2cedff20999df2af8eb42d56 -> 
  custom:audio-encoder-webm-vorbis: bf7c407c2cedff20999df2af8eb42d56 -> 
========================================================================
Received Prepare
Registering precompiled user dll's ...
Registered in 0.026196 seconds.
Begin MonoManager ReloadAssembly
Symbol file LoadedFromMemory doesn't match image C:\Users\Hp\Desktop\Mustafaherr\Unity\unityegitim\Library\PackageCache\com.unity.visualscripting@1.6.1\Editor\VisualScripting.Core\Dependencies\YamlDotNet\Unity.VisualScripting.YamlDotNet.dll
Symbol file LoadedFromMemory doesn't match image C:\Users\Hp\Desktop\Mustafaherr\Unity\unityegitim\Library\PackageCache\com.unity.visualscripting@1.6.1\Editor\VisualScripting.Core\Dependencies\DotNetZip\Unity.VisualScripting.IonicZip.dll
Native extension for WindowsStandalone target not found
Native extension for OSXStandalone target not found
Refreshing native plugins compatible for Editor in 29.98 ms, found 4 plugins.
Preloading 0 native plugins for Editor in 0.00 ms.
Mono: successfully reloaded assembly
- Completed reload, in 42.583 seconds
Domain Reload Profiling:
	ReloadAssembly (42629ms)
		BeginReloadAssembly (30012ms)
			ExecutionOrderSort (0ms)
			DisableScriptedObjects (1065ms)
			BackupInstance (0ms)
			ReleaseScriptingObjects (59ms)
			CreateAndSetChildDomain (13752ms)
		EndReloadAssembly (12219ms)
			LoadAssemblies (2810ms)
			RebuildTransferFunctionScriptingTraits (29ms)
			SetupTypeCache (4733ms)
			ReleaseScriptCaches (1933ms)
			RebuildScriptCaches (385ms)
			SetupLoadedEditorAssemblies (2582ms)
				LogAssemblyErrors (0ms)
				InitializePlatformSupportModulesInManaged (48ms)
				SetLoadedEditorAssemblies (4ms)
				RefreshPlugins (30ms)
				BeforeProcessingInitializeOnLoad (219ms)
				ProcessInitializeOnLoadAttributes (2211ms)
				ProcessInitializeOnLoadMethodAttributes (59ms)
				AfterProcessingInitializeOnLoad (9ms)
				EditorAssembliesLoaded (1ms)
			ExecutionOrderSort2 (0ms)
			AwakeInstancesAfterBackupRestoration (103ms)
Platform modules already initialized, skipping
Refreshing native plugins compatible for Editor in 1.07 ms, found 4 plugins.
Preloading 0 native plugins for Editor in 0.00 ms.
Unloading 3680 Unused Serialized files (Serialized files now loaded: 0)
System memory in use before: 143.7 MB.
System memory in use after: 143.4 MB.

Unloading 29 unused Assets to reduce memory usage. Loaded Objects now: 4233.
Total: 129.744900 ms (FindLiveObjects: 2.999300 ms CreateObjectMapping: 2.844900 ms MarkObjects: 117.678700 ms  DeleteObjects: 6.209400 ms)

AssetImportParameters requested are different than current active one (requested -> active):
  custom:framework-win-MediaFoundation: 216162199b28c13a410421893ffa2e32 -> 
  custom:video-decoder-ogg-theora: a1e56fd34408186e4bbccfd4996cb3dc -> 
  custom:container-muxer-webm: aa71ff27fc2769a1b78a27578f13a17b -> 
  custom:container-demuxer-webm: 4f35f7cbe854078d1ac9338744f61a02 -> 
  custom:container-demuxer-ogg: 62fdf1f143b41e24485cea50d1cbac27 -> 
  custom:video-encoder-webm-vp8: eb34c28f22e8b96e1ab97ce403110664 -> 
  custom:video-decoder-webm-vp8: 9c59270c3fd7afecdb556c50c9e8de78 -> 
  custom:audio-decoder-ogg-vorbis: bf7c407c2cedff20999df2af8eb42d56 -> 
  custom:audio-encoder-webm-vorbis: bf7c407c2cedff20999df2af8eb42d56 -> 
========================================================================
Received Prepare
Registering precompiled user dll's ...
Registered in 0.023630 seconds.
Begin MonoManager ReloadAssembly
Symbol file LoadedFromMemory doesn't match image C:\Users\Hp\Desktop\Mustafaherr\Unity\unityegitim\Library\PackageCache\com.unity.visualscripting@1.6.1\Editor\VisualScripting.Core\Dependencies\YamlDotNet\Unity.VisualScripting.YamlDotNet.dll
Symbol file LoadedFromMemory doesn't match image C:\Users\Hp\Desktop\Mustafaherr\Unity\unityegitim\Library\PackageCache\com.unity.visualscripting@1.6.1\Editor\VisualScripting.Core\Dependencies\DotNetZip\Unity.VisualScripting.IonicZip.dll
Native extension for WindowsStandalone target not found
Native extension for OSXStandalone target not found
Refreshing native plugins compatible for Editor in 13.63 ms, found 4 plugins.
Preloading 0 native plugins for Editor in 0.00 ms.
Mono: successfully reloaded assembly
- Completed reload, in  9.034 seconds
Domain Reload Profiling:
	ReloadAssembly (9038ms)
		BeginReloadAssembly (2877ms)
			ExecutionOrderSort (0ms)
			DisableScriptedObjects (229ms)
			BackupInstance (0ms)
			ReleaseScriptingObjects (2ms)
			CreateAndSetChildDomain (1951ms)
		EndReloadAssembly (5552ms)
			LoadAssemblies (1061ms)
			RebuildTransferFunctionScriptingTraits (1ms)
			SetupTypeCache (2076ms)
			ReleaseScriptCaches (22ms)
			RebuildScriptCaches (120ms)
			SetupLoadedEditorAssemblies (2085ms)
				LogAssemblyErrors (0ms)
				InitializePlatformSupportModulesInManaged (48ms)
				SetLoadedEditorAssemblies (1ms)
				RefreshPlugins (14ms)
				BeforeProcessingInitializeOnLoad (225ms)
				ProcessInitializeOnLoadAttributes (1765ms)
				ProcessInitializeOnLoadMethodAttributes (28ms)
				AfterProcessingInitializeOnLoad (3ms)
				EditorAssembliesLoaded (1ms)
			ExecutionOrderSort2 (0ms)
			AwakeInstancesAfterBackupRestoration (62ms)
Platform modules already initialized, skipping
Refreshing native plugins compatible for Editor in 0.86 ms, found 4 plugins.
Preloading 0 native plugins for Editor in 0.00 ms.
Unloading 3680 Unused Serialized files (Serialized files now loaded: 0)
System memory in use before: 143.7 MB.
System memory in use after: 143.4 MB.

Unloading 29 unused Assets to reduce memory usage. Loaded Objects now: 4236.
Total: 22.322200 ms (FindLiveObjects: 1.304500 ms CreateObjectMapping: 3.009700 ms MarkObjects: 17.133200 ms  DeleteObjects: 0.870200 ms)

AssetImportParameters requested are different than current active one (requested -> active):
  custom:framework-win-MediaFoundation: 216162199b28c13a410421893ffa2e32 -> 
  custom:video-decoder-ogg-theora: a1e56fd34408186e4bbccfd4996cb3dc -> 
  custom:container-muxer-webm: aa71ff27fc2769a1b78a27578f13a17b -> 
  custom:container-demuxer-webm: 4f35f7cbe854078d1ac9338744f61a02 -> 
  custom:container-demuxer-ogg: 62fdf1f143b41e24485cea50d1cbac27 -> 
  custom:video-encoder-webm-vp8: eb34c28f22e8b96e1ab97ce403110664 -> 
  custom:video-decoder-webm-vp8: 9c59270c3fd7afecdb556c50c9e8de78 -> 
  custom:audio-decoder-ogg-vorbis: bf7c407c2cedff20999df2af8eb42d56 -> 
  custom:audio-encoder-webm-vorbis: bf7c407c2cedff20999df2af8eb42d56 -> 
========================================================================
Received Prepare
Registering precompiled user dll's ...
Registered in 0.032064 seconds.
Begin MonoManager ReloadAssembly
Symbol file LoadedFromMemory doesn't match image C:\Users\Hp\Desktop\Mustafaherr\Unity\unityegitim\Library\PackageCache\com.unity.visualscripting@1.6.1\Editor\VisualScripting.Core\Dependencies\YamlDotNet\Unity.VisualScripting.YamlDotNet.dll
Symbol file LoadedFromMemory doesn't match image C:\Users\Hp\Desktop\Mustafaherr\Unity\unityegitim\Library\PackageCache\com.unity.visualscripting@1.6.1\Editor\VisualScripting.Core\Dependencies\DotNetZip\Unity.VisualScripting.IonicZip.dll
Native extension for WindowsStandalone target not found
Native extension for OSXStandalone target not found
Refreshing native plugins compatible for Editor in 10.13 ms, found 4 plugins.
Preloading 0 native plugins for Editor in 0.00 ms.
Mono: successfully reloaded assembly
- Completed reload, in  6.378 seconds
Domain Reload Profiling:
	ReloadAssembly (6387ms)
		BeginReloadAssembly (2634ms)
			ExecutionOrderSort (0ms)
			DisableScriptedObjects (571ms)
			BackupInstance (0ms)
			ReleaseScriptingObjects (2ms)
			CreateAndSetChildDomain (1372ms)
		EndReloadAssembly (3419ms)
			LoadAssemblies (727ms)
			RebuildTransferFunctionScriptingTraits (0ms)
			SetupTypeCache (1403ms)
			ReleaseScriptCaches (12ms)
			RebuildScriptCaches (116ms)
			SetupLoadedEditorAssemblies (1267ms)
				LogAssemblyErrors (0ms)
				InitializePlatformSupportModulesInManaged (26ms)
				SetLoadedEditorAssemblies (2ms)
				RefreshPlugins (10ms)
				BeforeProcessingInitializeOnLoad (181ms)
				ProcessInitializeOnLoadAttributes (1016ms)
				ProcessInitializeOnLoadMethodAttributes (25ms)
				AfterProcessingInitializeOnLoad (7ms)
				EditorAssembliesLoaded (1ms)
			ExecutionOrderSort2 (0ms)
			AwakeInstancesAfterBackupRestoration (37ms)
Platform modules already initialized, skipping
Refreshing native plugins compatible for Editor in 1.07 ms, found 4 plugins.
Preloading 0 native plugins for Editor in 0.00 ms.
Unloading 3680 Unused Serialized files (Serialized files now loaded: 0)
System memory in use before: 143.7 MB.
System memory in use after: 143.4 MB.

Unloading 29 unused Assets to reduce memory usage. Loaded Objects now: 4239.
Total: 9.368700 ms (FindLiveObjects: 1.413600 ms CreateObjectMapping: 0.654800 ms MarkObjects: 6.872100 ms  DeleteObjects: 0.410300 ms)

AssetImportParameters requested are different than current active one (requested -> active):
  custom:framework-win-MediaFoundation: 216162199b28c13a410421893ffa2e32 -> 
  custom:video-decoder-ogg-theora: a1e56fd34408186e4bbccfd4996cb3dc -> 
  custom:container-muxer-webm: aa71ff27fc2769a1b78a27578f13a17b -> 
  custom:container-demuxer-webm: 4f35f7cbe854078d1ac9338744f61a02 -> 
  custom:container-demuxer-ogg: 62fdf1f143b41e24485cea50d1cbac27 -> 
  custom:video-encoder-webm-vp8: eb34c28f22e8b96e1ab97ce403110664 -> 
  custom:video-decoder-webm-vp8: 9c59270c3fd7afecdb556c50c9e8de78 -> 
  custom:audio-decoder-ogg-vorbis: bf7c407c2cedff20999df2af8eb42d56 -> 
  custom:audio-encoder-webm-vorbis: bf7c407c2cedff20999df2af8eb42d56 -> 
========================================================================
Received Prepare
Registering precompiled user dll's ...
Registered in 0.067633 seconds.
Begin MonoManager ReloadAssembly
Symbol file LoadedFromMemory doesn't match image C:\Users\Hp\Desktop\Mustafaherr\Unity\unityegitim\Library\PackageCache\com.unity.visualscripting@1.6.1\Editor\VisualScripting.Core\Dependencies\YamlDotNet\Unity.VisualScripting.YamlDotNet.dll
Symbol file LoadedFromMemory doesn't match image C:\Users\Hp\Desktop\Mustafaherr\Unity\unityegitim\Library\PackageCache\com.unity.visualscripting@1.6.1\Editor\VisualScripting.Core\Dependencies\DotNetZip\Unity.VisualScripting.IonicZip.dll
Native extension for WindowsStandalone target not found
Native extension for OSXStandalone target not found
Refreshing native plugins compatible for Editor in 1.27 ms, found 4 plugins.
Preloading 0 native plugins for Editor in 0.00 ms.
Mono: successfully reloaded assembly
- Completed reload, in  4.586 seconds
Domain Reload Profiling:
	ReloadAssembly (4593ms)
		BeginReloadAssembly (2070ms)
			ExecutionOrderSort (0ms)
			DisableScriptedObjects (684ms)
			BackupInstance (0ms)
			ReleaseScriptingObjects (2ms)
			CreateAndSetChildDomain (628ms)
		EndReloadAssembly (2395ms)
			LoadAssemblies (764ms)
			RebuildTransferFunctionScriptingTraits (1ms)
			SetupTypeCache (669ms)
			ReleaseScriptCaches (3ms)
			RebuildScriptCaches (64ms)
			SetupLoadedEditorAssemblies (974ms)
				LogAssemblyErrors (0ms)
				InitializePlatformSupportModulesInManaged (18ms)
				SetLoadedEditorAssemblies (1ms)
				RefreshPlugins (1ms)
				BeforeProcessingInitializeOnLoad (102ms)
				ProcessInitializeOnLoadAttributes (802ms)
				ProcessInitializeOnLoadMethodAttributes (44ms)
				AfterProcessingInitializeOnLoad (4ms)
				EditorAssembliesLoaded (1ms)
			ExecutionOrderSort2 (0ms)
			AwakeInstancesAfterBackupRestoration (133ms)
Platform modules already initialized, skipping
Refreshing native plugins compatible for Editor in 0.82 ms, found 4 plugins.
Preloading 0 native plugins for Editor in 0.00 ms.
Unloading 3680 Unused Serialized files (Serialized files now loaded: 0)
System memory in use before: 143.7 MB.
System memory in use after: 143.4 MB.

Unloading 29 unused Assets to reduce memory usage. Loaded Objects now: 4242.
Total: 9.699500 ms (FindLiveObjects: 0.510500 ms CreateObjectMapping: 0.213400 ms MarkObjects: 7.619500 ms  DeleteObjects: 1.351500 ms)

AssetImportParameters requested are different than current active one (requested -> active):
  custom:framework-win-MediaFoundation: 216162199b28c13a410421893ffa2e32 -> 
  custom:video-decoder-ogg-theora: a1e56fd34408186e4bbccfd4996cb3dc -> 
  custom:container-muxer-webm: aa71ff27fc2769a1b78a27578f13a17b -> 
  custom:container-demuxer-webm: 4f35f7cbe854078d1ac9338744f61a02 -> 
  custom:container-demuxer-ogg: 62fdf1f143b41e24485cea50d1cbac27 -> 
  custom:video-encoder-webm-vp8: eb34c28f22e8b96e1ab97ce403110664 -> 
  custom:video-decoder-webm-vp8: 9c59270c3fd7afecdb556c50c9e8de78 -> 
  custom:audio-decoder-ogg-vorbis: bf7c407c2cedff20999df2af8eb42d56 -> 
  custom:audio-encoder-webm-vorbis: bf7c407c2cedff20999df2af8eb42d56 -> 
========================================================================
Received Prepare
Refreshing native plugins compatible for Editor in 19.79 ms, found 4 plugins.
Preloading 0 native plugins for Editor in 0.00 ms.
Unloading 27 Unused Serialized files (Serialized files now loaded: 0)
System memory in use before: 71.4 MB.
System memory in use after: 71.1 MB.

Unloading 27 unused Assets to reduce memory usage. Loaded Objects now: 4242.
Total: 265.280300 ms (FindLiveObjects: 6.708300 ms CreateObjectMapping: 0.353300 ms MarkObjects: 256.552100 ms  DeleteObjects: 1.311300 ms)

AssetImportParameters requested are different than current active one (requested -> active):
  custom:framework-win-MediaFoundation: 216162199b28c13a410421893ffa2e32 -> 
  custom:video-decoder-ogg-theora: a1e56fd34408186e4bbccfd4996cb3dc -> 
  custom:container-muxer-webm: aa71ff27fc2769a1b78a27578f13a17b -> 
  custom:container-demuxer-webm: 4f35f7cbe854078d1ac9338744f61a02 -> 
  custom:container-demuxer-ogg: 62fdf1f143b41e24485cea50d1cbac27 -> 
  custom:video-encoder-webm-vp8: eb34c28f22e8b96e1ab97ce403110664 -> 
  custom:video-decoder-webm-vp8: 9c59270c3fd7afecdb556c50c9e8de78 -> 
  custom:audio-decoder-ogg-vorbis: bf7c407c2cedff20999df2af8eb42d56 -> 
  custom:audio-encoder-webm-vorbis: bf7c407c2cedff20999df2af8eb42d56 -> 
